[2025-09-16T11:53:40.262Z] --- Running validation script for 'create-structure' ---
[2025-09-16T11:53:40.271Z] ‚úÖ Verifying folder structure...
[2025-09-16T11:53:40.271Z] ‚úÖ Folders exist.
üì¶ Staging changes...
[2025-09-16T11:53:40.282Z] üíæ Creating commit...
[2025-09-16T11:53:40.300Z] [main 2bf21bd] feat(user-profile): create domain folder structure
 5 files changed, 1347 insertions(+), 1217 deletions(-)
 create mode 100644 .claude/commands/domain-execute.md
 create mode 100644 .logs/temp-plan/execution.log
 create mode 100644 temp-plan.yaml
 delete mode 100644 todo-list-implementation.yaml
 create mode 100644 user-profile-implementation.yaml
[2025-09-16T11:53:40.300Z] ‚úÖ Successfully committed
[2025-09-16T11:53:40.302Z] --- Script finished successfully ---
[2025-09-16T11:53:40.306Z] --- Running validation script for 'create-use-case-get-user-profile' ---
[2025-09-16T11:53:40.311Z] üîç Running lint check...
[2025-09-16T11:53:40.396Z] yarn run v1.22.22
[2025-09-16T11:53:40.408Z] [ERROR] warning ../../package.json: No license field
[2025-09-16T11:53:40.413Z] $ eslint .
[2025-09-16T11:53:41.326Z] /Users/thiagobutignon/dev/spec-kit-clean-archicteture/coverage/block-navigation.js
  1:1  warning  Unused eslint-disable directive (no problems were reported)

‚úñ 1 problem (0 errors, 1 warning)
  0 errors and 1 warning potentially fixable with the `--fix` option.
[2025-09-16T11:53:41.337Z] Done in 0.94s.
[2025-09-16T11:53:41.344Z] ‚úÖ Lint passed
üß™ Running tests with coverage...
[2025-09-16T11:53:41.425Z] yarn run v1.22.22
[2025-09-16T11:53:41.435Z] [ERROR] warning ../../package.json: No license field
[2025-09-16T11:53:41.439Z] $ vitest --passWithNoTests --coverage
[2025-09-16T11:53:41.804Z] 
[2025-09-16T11:53:41.804Z] RUN  v3.2.4 /Users/thiagobutignon/dev/spec-kit-clean-archicteture
      Coverage enabled with v8
[2025-09-16T11:53:41.859Z] No test files found, exiting with code 0
[2025-09-16T11:53:41.859Z] [ERROR] include: **/*.{test,spec}.?(c|m)[jt]s?(x)
[2025-09-16T11:53:41.859Z] [ERROR] exclude:  **/node_modules/**, **/dist/**, **/cypress/**, **/.{idea,git,cache,output,temp}/**, **/{karma,rollup,webpack,vite,vitest,jest,ava,babel,nyc,cypress,tsup,build,eslint,prettier}.config.*
[2025-09-16T11:53:41.860Z] % Coverage report from v8
[2025-09-16T11:53:41.862Z] -------------------|---------|----------|---------|---------|-------------------
[2025-09-16T11:53:41.862Z] File               | % Stmts | % Branch | % Funcs | % Lines | Uncovered Line #s 
-------------------|---------|----------|---------|---------|-------------------
[2025-09-16T11:53:41.862Z] All files          |       0 |       75 |      75 |       0 |
[2025-09-16T11:53:41.862Z] ...n-archicteture |       0 |    66.66 |   66.66 |       0 |
[2025-09-16T11:53:41.862Z] execute-steps.ts |       0 |      100 |     100 |       0 | 3-265
[2025-09-16T11:53:41.862Z] logger.ts        |       0 |        0 |       0 |       0 | 1-46
[2025-09-16T11:53:41.862Z] ...ementation.ts |       0 |      100 |     100 |       0 | 3-293
[2025-09-16T11:53:41.862Z] ...main/use-cases |       0 |        0 |       0 |       0 |
[2025-09-16T11:53:41.862Z] ...er-profile.ts |       0 |        0 |       0 |       0 |
[2025-09-16T11:53:41.862Z] -------------------|---------|----------|---------|---------|-------------------
[2025-09-16T11:53:41.915Z] Done in 0.49s.
[2025-09-16T11:53:41.921Z] ‚úÖ Tests passed
üì¶ Staging changes...
[2025-09-16T11:53:41.936Z] üíæ Creating commit...
[2025-09-16T11:53:41.964Z] [main 876e4f8] feat(user-profile): add get-user-profile use case
 23 files changed, 1363 insertions(+), 2508 deletions(-)
 rename coverage/spec-kit-clean-archicteture/{src/features/todo-list/domain/test/mock-list-todos-use-case.ts.html => logger.ts.html} (59%)
 delete mode 100644 coverage/spec-kit-clean-archicteture/src/features/todo-list/domain/errors/index.html
 delete mode 100644 coverage/spec-kit-clean-archicteture/src/features/todo-list/domain/errors/invalid-todo-data.ts.html
 delete mode 100644 coverage/spec-kit-clean-archicteture/src/features/todo-list/domain/errors/todo-not-found.ts.html
 delete mode 100644 coverage/spec-kit-clean-archicteture/src/features/todo-list/domain/errors/unauthorized-tenant-access.ts.html
 delete mode 100644 coverage/spec-kit-clean-archicteture/src/features/todo-list/domain/test/index.html
 delete mode 100644 coverage/spec-kit-clean-archicteture/src/features/todo-list/domain/test/mock-create-todo-use-case.ts.html
 delete mode 100644 coverage/spec-kit-clean-archicteture/src/features/todo-list/domain/test/mock-delete-todo-use-case.ts.html
 delete mode 100644 coverage/spec-kit-clean-archicteture/src/features/todo-list/domain/test/mock-update-todo-use-case.ts.html
 delete mode 100644 coverage/spec-kit-clean-archicteture/src/features/todo-list/domain/use-cases/create-todo.ts.html
 delete mode 100644 coverage/spec-kit-clean-archicteture/src/features/todo-list/domain/use-cases/list-todos.ts.html
 delete mode 100644 coverage/spec-kit-clean-archicteture/src/features/todo-list/domain/use-cases/update-todo.ts.html
 rename coverage/spec-kit-clean-archicteture/src/features/{todo-list/domain/use-cases/delete-todo.ts.html => user-profile/domain/use-cases/get-user-profile.ts.html} (86%)
 rename coverage/spec-kit-clean-archicteture/src/features/{todo-list => user-profile}/domain/use-cases/index.html (64%)
 create mode 100644 src/features/user-profile/domain/use-cases/get-user-profile.ts
[2025-09-16T11:53:41.964Z] ‚úÖ Successfully committed
[2025-09-16T11:53:41.965Z] --- Script finished successfully ---
[2025-09-16T11:53:41.968Z] --- Running validation script for 'create-error-user-not-found' ---
[2025-09-16T11:53:41.972Z] üîç Running lint check...
[2025-09-16T11:53:42.047Z] yarn run v1.22.22
[2025-09-16T11:53:42.057Z] [ERROR] warning ../../package.json: No license field
[2025-09-16T11:53:42.062Z] $ eslint .
[2025-09-16T11:53:42.542Z] /Users/thiagobutignon/dev/spec-kit-clean-archicteture/coverage/block-navigation.js
  1:1  warning  Unused eslint-disable directive (no problems were reported)

‚úñ 1 problem (0 errors, 1 warning)
  0 errors and 1 warning potentially fixable with the `--fix` option.
[2025-09-16T11:53:42.551Z] Done in 0.51s.
[2025-09-16T11:53:42.557Z] ‚úÖ Lint passed
üß™ Running tests with coverage...
[2025-09-16T11:53:42.633Z] yarn run v1.22.22
[2025-09-16T11:53:42.644Z] [ERROR] warning ../../package.json: No license field
[2025-09-16T11:53:42.648Z] $ vitest --passWithNoTests --coverage
[2025-09-16T11:53:42.985Z] 
[2025-09-16T11:53:42.985Z] RUN  v3.2.4 /Users/thiagobutignon/dev/spec-kit-clean-archicteture
      Coverage enabled with v8
[2025-09-16T11:53:43.044Z] No test files found, exiting with code 0
[2025-09-16T11:53:43.044Z] [ERROR] include: **/*.{test,spec}.?(c|m)[jt]s?(x)
exclude:  **/node_modules/**, **/dist/**, **/cypress/**, **/.{idea,git,cache,output,temp}/**, **/{karma,rollup,webpack,vite,vitest,jest,ava,babel,nyc,cypress,tsup,build,eslint,prettier}.config.*
[2025-09-16T11:53:43.045Z] % Coverage report from v8
[2025-09-16T11:53:43.046Z] -------------------|---------|----------|---------|---------|-------------------
[2025-09-16T11:53:43.046Z] File               | % Stmts | % Branch | % Funcs | % Lines | Uncovered Line #s 
-------------------|---------|----------|---------|---------|-------------------
[2025-09-16T11:53:43.047Z] All files          |       0 |       80 |      80 |       0 |
[2025-09-16T11:53:43.047Z] ...n-archicteture |       0 |    66.66 |   66.66 |       0 |
[2025-09-16T11:53:43.047Z] execute-steps.ts |       0 |      100 |     100 |       0 | 3-265
[2025-09-16T11:53:43.047Z] logger.ts        |       0 |        0 |       0 |       0 | 1-46
[2025-09-16T11:53:43.047Z] ...ementation.ts |       0 |      100 |     100 |       0 | 3-293             
 .../domain/errors |       0 |      100 |     100 |       0 |
[2025-09-16T11:53:43.047Z] ...-not-found.ts |       0 |      100 |     100 |       0 | 5-10
[2025-09-16T11:53:43.047Z] ...main/use-cases |       0 |        0 |       0 |       0 |
[2025-09-16T11:53:43.047Z] ...er-profile.ts |       0 |        0 |       0 |       0 |                   
-------------------|---------|----------|---------|---------|-------------------
[2025-09-16T11:53:43.100Z] Done in 0.47s.
[2025-09-16T11:53:43.106Z] ‚úÖ Tests passed
üì¶ Staging changes...
[2025-09-16T11:53:43.122Z] üíæ Creating commit...
[2025-09-16T11:53:43.144Z] [main f007e7f] feat(user-profile): add user-not-found domain error
 14 files changed, 409 insertions(+), 18 deletions(-)
 create mode 100644 coverage/spec-kit-clean-archicteture/src/features/user-profile/domain/errors/index.html
 create mode 100644 coverage/spec-kit-clean-archicteture/src/features/user-profile/domain/errors/user-not-found.ts.html
 create mode 100644 src/features/user-profile/domain/errors/user-not-found.ts
[2025-09-16T11:53:43.144Z] ‚úÖ Successfully committed
[2025-09-16T11:53:43.145Z] --- Script finished successfully ---
[2025-09-16T11:53:43.147Z] --- Running validation script for 'create-test-helper-get-user-profile' ---
[2025-09-16T11:53:43.152Z] üîç Running lint check...
[2025-09-16T11:53:43.225Z] yarn run v1.22.22
[2025-09-16T11:53:43.239Z] [ERROR] warning ../../package.json: No license field
[2025-09-16T11:53:43.244Z] $ eslint .
[2025-09-16T11:53:43.724Z] /Users/thiagobutignon/dev/spec-kit-clean-archicteture/coverage/block-navigation.js
  1:1  warning  Unused eslint-disable directive (no problems were reported)

‚úñ 1 problem (0 errors, 1 warning)
  0 errors and 1 warning potentially fixable with the `--fix` option.
[2025-09-16T11:53:43.732Z] Done in 0.51s.
[2025-09-16T11:53:43.738Z] ‚úÖ Lint passed
üß™ Running tests with coverage...
[2025-09-16T11:53:43.814Z] yarn run v1.22.22
[2025-09-16T11:53:43.824Z] [ERROR] warning ../../package.json: No license field
[2025-09-16T11:53:43.828Z] $ vitest --passWithNoTests --coverage
[2025-09-16T11:53:44.170Z] 
[2025-09-16T11:53:44.170Z] RUN  v3.2.4 /Users/thiagobutignon/dev/spec-kit-clean-archicteture
      Coverage enabled with v8
[2025-09-16T11:53:44.233Z] No test files found, exiting with code 0
[2025-09-16T11:53:44.233Z] [ERROR] include: **/*.{test,spec}.?(c|m)[jt]s?(x)
[2025-09-16T11:53:44.233Z] [ERROR] exclude:  **/node_modules/**, **/dist/**, **/cypress/**, **/.{idea,git,cache,output,temp}/**, **/{karma,rollup,webpack,vite,vitest,jest,ava,babel,nyc,cypress,tsup,build,eslint,prettier}.config.*
[2025-09-16T11:53:44.233Z] [ERROR] 
[2025-09-16T11:53:44.234Z] % Coverage report from v8
[2025-09-16T11:53:44.236Z] -------------------|---------|----------|---------|---------|-------------------
[2025-09-16T11:53:44.236Z] File               | % Stmts | % Branch | % Funcs | % Lines | Uncovered Line #s 
-------------------|---------|----------|---------|---------|-------------------
[2025-09-16T11:53:44.236Z] All files          |       0 |    66.66 |   66.66 |       0 |
[2025-09-16T11:53:44.236Z] ...n-archicteture |       0 |    66.66 |   66.66 |       0 |
[2025-09-16T11:53:44.236Z] execute-steps.ts |       0 |      100 |     100 |       0 | 3-265
[2025-09-16T11:53:44.236Z] logger.ts        |       0 |        0 |       0 |       0 | 1-46
[2025-09-16T11:53:44.236Z] ...ementation.ts |       0 |      100 |     100 |       0 | 3-293
[2025-09-16T11:53:44.236Z] .../domain/errors |       0 |      100 |     100 |       0 |
[2025-09-16T11:53:44.236Z] ...-not-found.ts |       0 |      100 |     100 |       0 | 5-10
[2025-09-16T11:53:44.236Z] ...le/domain/test |       0 |        0 |       0 |       0 |                   
  ...e-use-case.ts |       0 |        0 |       0 |       0 | 1-29
[2025-09-16T11:53:44.236Z] ...main/use-cases |       0 |        0 |       0 |       0 |
[2025-09-16T11:53:44.236Z] ...er-profile.ts |       0 |        0 |       0 |       0 |                   
-------------------|---------|----------|---------|---------|-------------------
[2025-09-16T11:53:44.291Z] Done in 0.48s.
[2025-09-16T11:53:44.297Z] ‚úÖ Tests passed
üì¶ Staging changes...
[2025-09-16T11:53:44.314Z] üíæ Creating commit...
[2025-09-16T11:53:44.336Z] [main b8c23c1] test(user-profile): add get-user-profile use case test helpers
 16 files changed, 475 insertions(+), 20 deletions(-)
 create mode 100644 coverage/spec-kit-clean-archicteture/src/features/user-profile/domain/test/index.html
 create mode 100644 coverage/spec-kit-clean-archicteture/src/features/user-profile/domain/test/mock-get-user-profile-use-case.ts.html
 create mode 100644 src/features/user-profile/domain/test/mock-get-user-profile-use-case.ts
[2025-09-16T11:53:44.336Z] ‚úÖ Successfully committed
[2025-09-16T11:53:44.336Z] --- Script finished successfully ---
[2025-09-16T19:27:14.909Z] --- Running validation script for 'create-structure' ---
[2025-09-16T19:27:14.921Z] ‚úÖ Verifying folder structure...
[2025-09-16T19:27:14.921Z] ‚úÖ Folders exist.
üì¶ Staging changes...
[2025-09-16T19:27:14.939Z] üíæ Creating commit...
[2025-09-16T19:27:14.964Z] [main f6d7d29] feat(user-registration): create domain folder structure
 7 files changed, 2276 insertions(+), 27 deletions(-)
 create mode 100644 temp-plan.yaml
 create mode 100644 user-registration-implementation.yaml
 create mode 100644 user-registration-structured.json
[2025-09-16T19:27:14.964Z] ‚úÖ Successfully committed
[2025-09-16T19:27:14.966Z] --- Script finished successfully ---
[2025-09-16T19:27:14.973Z] --- Running validation script for 'create-use-case-register-user' ---
[2025-09-16T19:27:14.978Z] üîç Running lint check...
[2025-09-16T19:27:15.081Z] yarn run v1.22.22
[2025-09-16T19:27:15.097Z] [ERROR] warning ../../package.json: No license field
[2025-09-16T19:27:15.102Z] $ eslint .
[2025-09-16T19:27:15.936Z] /Users/thiagobutignon/dev/spec-kit-clean-archicteture/coverage/block-navigation.js
  1:1  warning  Unused eslint-disable directive (no problems were reported)

‚úñ 1 problem (0 errors, 1 warning)
  0 errors and 1 warning potentially fixable with the `--fix` option.
[2025-09-16T19:27:15.946Z] Done in 0.87s.
[2025-09-16T19:27:15.952Z] ‚úÖ Lint passed
[2025-09-16T19:27:15.952Z] üß™ Running tests with coverage...
[2025-09-16T19:27:16.025Z] yarn run v1.22.22
[2025-09-16T19:27:16.035Z] [ERROR] warning ../../package.json: No license field
[2025-09-16T19:27:16.040Z] $ vitest --passWithNoTests --coverage
[2025-09-16T19:27:16.434Z] 
[2025-09-16T19:27:16.434Z] RUN  v3.2.4 /Users/thiagobutignon/dev/spec-kit-clean-archicteture
      Coverage enabled with v8
[2025-09-16T19:27:16.501Z] No test files found, exiting with code 0
[2025-09-16T19:27:16.501Z] [ERROR] include: **/*.{test,spec}.?(c|m)[jt]s?(x)
exclude:  **/node_modules/**, **/dist/**, **/cypress/**, **/.{idea,git,cache,output,temp}/**, **/{karma,rollup,webpack,vite,vitest,jest,ava,babel,nyc,cypress,tsup,build,eslint,prettier}.config.*
[2025-09-16T19:27:16.501Z] [ERROR] 
[2025-09-16T19:27:16.502Z] % Coverage report from v8
[2025-09-16T19:27:16.504Z] -------------------|---------|----------|---------|---------|-------------------
[2025-09-16T19:27:16.504Z] File               | % Stmts | % Branch | % Funcs | % Lines | Uncovered Line #s 
-------------------|---------|----------|---------|---------|-------------------
[2025-09-16T19:27:16.504Z] All files          |       0 |    71.42 |   71.42 |       0 |
[2025-09-16T19:27:16.504Z] ...n-archicteture |       0 |    66.66 |   66.66 |       0 |
[2025-09-16T19:27:16.504Z] execute-steps.ts |       0 |      100 |     100 |       0 | 3-265
[2025-09-16T19:27:16.504Z] logger.ts        |       0 |        0 |       0 |       0 | 1-46
[2025-09-16T19:27:16.505Z] ...ementation.ts |       0 |      100 |     100 |       0 | 3-293
[2025-09-16T19:27:16.505Z] .../domain/errors |       0 |      100 |     100 |       0 |                   
  ...-not-found.ts |       0 |      100 |     100 |       0 | 5-10              
 ...le/domain/test |       0 |        0 |       0 |       0 |
[2025-09-16T19:27:16.505Z] ...e-use-case.ts |       0 |        0 |       0 |       0 | 1-30              
 ...main/use-cases |       0 |        0 |       0 |       0 |                   
  ...er-profile.ts |       0 |        0 |       0 |       0 |                   
 ...main/use-cases |       0 |        0 |       0 |       0 |                   
  register-user.ts |       0 |        0 |       0 |       0 |                   
-------------------|---------|----------|---------|---------|-------------------
[2025-09-16T19:27:16.558Z] Done in 0.54s.
[2025-09-16T19:27:16.563Z] ‚úÖ Tests passed
üì¶ Staging changes...
[2025-09-16T19:27:16.583Z] üíæ Creating commit...
[2025-09-16T19:27:16.611Z] [main b964583] feat(user-registration): add register-user use case
 18 files changed, 824 insertions(+), 342 deletions(-)
 create mode 100644 coverage/spec-kit-clean-archicteture/src/features/user-registration/domain/use-cases/index.html
 create mode 100644 coverage/spec-kit-clean-archicteture/src/features/user-registration/domain/use-cases/register-user.ts.html
 create mode 100644 src/features/user-registration/domain/use-cases/register-user.ts
[2025-09-16T19:27:16.611Z] ‚úÖ Successfully committed
[2025-09-16T19:27:16.611Z] --- Script finished successfully ---
[2025-09-16T19:27:16.614Z] --- Running validation script for 'create-use-case-send-welcome-email' ---
[2025-09-16T19:27:16.619Z] üîç Running lint check...
[2025-09-16T19:27:16.693Z] yarn run v1.22.22
[2025-09-16T19:27:16.705Z] [ERROR] warning ../../package.json: No license field
[2025-09-16T19:27:16.709Z] $ eslint .
[2025-09-16T19:27:17.200Z] /Users/thiagobutignon/dev/spec-kit-clean-archicteture/coverage/block-navigation.js
  1:1  warning  Unused eslint-disable directive (no problems were reported)

‚úñ 1 problem (0 errors, 1 warning)
  0 errors and 1 warning potentially fixable with the `--fix` option.
[2025-09-16T19:27:17.209Z] Done in 0.52s.
[2025-09-16T19:27:17.215Z] ‚úÖ Lint passed
üß™ Running tests with coverage...
[2025-09-16T19:27:17.288Z] yarn run v1.22.22
[2025-09-16T19:27:17.298Z] [ERROR] warning ../../package.json: No license field
[2025-09-16T19:27:17.302Z] $ vitest --passWithNoTests --coverage
[2025-09-16T19:27:17.629Z] 
[2025-09-16T19:27:17.629Z] RUN  v3.2.4 /Users/thiagobutignon/dev/spec-kit-clean-archicteture
      Coverage enabled with v8
[2025-09-16T19:27:17.697Z] No test files found, exiting with code 0
[2025-09-16T19:27:17.697Z] [ERROR] include: **/*.{test,spec}.?(c|m)[jt]s?(x)
exclude:  **/node_modules/**, **/dist/**, **/cypress/**, **/.{idea,git,cache,output,temp}/**, **/{karma,rollup,webpack,vite,vitest,jest,ava,babel,nyc,cypress,tsup,build,eslint,prettier}.config.*
[2025-09-16T19:27:17.698Z] % Coverage report from v8
[2025-09-16T19:27:17.699Z] -------------------|---------|----------|---------|---------|-------------------
[2025-09-16T19:27:17.699Z] File               | % Stmts | % Branch | % Funcs | % Lines | Uncovered Line #s 
-------------------|---------|----------|---------|---------|-------------------
[2025-09-16T19:27:17.700Z] All files          |       0 |       75 |      75 |       0 |
[2025-09-16T19:27:17.700Z] ...n-archicteture |       0 |    66.66 |   66.66 |       0 |
[2025-09-16T19:27:17.700Z] execute-steps.ts |       0 |      100 |     100 |       0 | 3-265
[2025-09-16T19:27:17.700Z] logger.ts        |       0 |        0 |       0 |       0 | 1-46
[2025-09-16T19:27:17.700Z] ...ementation.ts |       0 |      100 |     100 |       0 | 3-293
[2025-09-16T19:27:17.700Z] .../domain/errors |       0 |      100 |     100 |       0 |
[2025-09-16T19:27:17.700Z] ...-not-found.ts |       0 |      100 |     100 |       0 | 5-10
[2025-09-16T19:27:17.700Z] ...le/domain/test |       0 |        0 |       0 |       0 |
[2025-09-16T19:27:17.700Z] ...e-use-case.ts |       0 |        0 |       0 |       0 | 1-30
[2025-09-16T19:27:17.700Z] ...main/use-cases |       0 |        0 |       0 |       0 |
[2025-09-16T19:27:17.700Z] ...er-profile.ts |       0 |        0 |       0 |       0 |                   
 ...main/use-cases |       0 |        0 |       0 |       0 |
[2025-09-16T19:27:17.700Z] register-user.ts |       0 |        0 |       0 |       0 |                   
  ...come-email.ts |       0 |        0 |       0 |       0 |
[2025-09-16T19:27:17.700Z] -------------------|---------|----------|---------|---------|-------------------
[2025-09-16T19:27:17.753Z] Done in 0.47s.
[2025-09-16T19:27:17.759Z] ‚úÖ Tests passed
üì¶ Staging changes...
[2025-09-16T19:27:17.781Z] üíæ Creating commit...
[2025-09-16T19:27:17.807Z] [main 2c4d4f5] feat(user-registration): add send-welcome-email use case
 19 files changed, 360 insertions(+), 27 deletions(-)
 create mode 100644 coverage/spec-kit-clean-archicteture/src/features/user-registration/domain/use-cases/send-welcome-email.ts.html
 create mode 100644 src/features/user-registration/domain/use-cases/send-welcome-email.ts
[2025-09-16T19:27:17.807Z] ‚úÖ Successfully committed
[2025-09-16T19:27:17.808Z] --- Script finished successfully ---
[2025-09-16T19:27:17.811Z] --- Running validation script for 'create-error-user-already-exists' ---
[2025-09-16T19:27:17.816Z] üîç Running lint check...
[2025-09-16T19:27:17.887Z] yarn run v1.22.22
[2025-09-16T19:27:17.897Z] [ERROR] warning ../../package.json: No license field
[2025-09-16T19:27:17.901Z] $ eslint .
[2025-09-16T19:27:18.377Z] /Users/thiagobutignon/dev/spec-kit-clean-archicteture/coverage/block-navigation.js
  1:1  warning  Unused eslint-disable directive (no problems were reported)

‚úñ 1 problem (0 errors, 1 warning)
  0 errors and 1 warning potentially fixable with the `--fix` option.
[2025-09-16T19:27:18.387Z] Done in 0.50s.
[2025-09-16T19:27:18.393Z] ‚úÖ Lint passed
üß™ Running tests with coverage...
[2025-09-16T19:27:18.466Z] yarn run v1.22.22
[2025-09-16T19:27:18.476Z] [ERROR] warning ../../package.json: No license field
[2025-09-16T19:27:18.480Z] $ vitest --passWithNoTests --coverage
[2025-09-16T19:27:18.820Z] 
[2025-09-16T19:27:18.820Z] RUN  v3.2.4 /Users/thiagobutignon/dev/spec-kit-clean-archicteture
      Coverage enabled with v8
[2025-09-16T19:27:18.896Z] No test files found, exiting with code 0
[2025-09-16T19:27:18.896Z] [ERROR] include: **/*.{test,spec}.?(c|m)[jt]s?(x)
exclude:  **/node_modules/**, **/dist/**, **/cypress/**, **/.{idea,git,cache,output,temp}/**, **/{karma,rollup,webpack,vite,vitest,jest,ava,babel,nyc,cypress,tsup,build,eslint,prettier}.config.*
[2025-09-16T19:27:18.897Z] % Coverage report from v8
[2025-09-16T19:27:18.898Z] -------------------|---------|----------|---------|---------|-------------------
[2025-09-16T19:27:18.898Z] File               | % Stmts | % Branch | % Funcs | % Lines | Uncovered Line #s 
-------------------|---------|----------|---------|---------|-------------------
[2025-09-16T19:27:18.899Z] All files          |       0 |    77.77 |   77.77 |       0 |
[2025-09-16T19:27:18.899Z] ...n-archicteture |       0 |    66.66 |   66.66 |       0 |
[2025-09-16T19:27:18.899Z] execute-steps.ts |       0 |      100 |     100 |       0 | 3-265
[2025-09-16T19:27:18.899Z] logger.ts        |       0 |        0 |       0 |       0 | 1-46
[2025-09-16T19:27:18.899Z] ...ementation.ts |       0 |      100 |     100 |       0 | 3-293             
 .../domain/errors |       0 |      100 |     100 |       0 |
[2025-09-16T19:27:18.899Z] ...-not-found.ts |       0 |      100 |     100 |       0 | 5-10              
 ...le/domain/test |       0 |        0 |       0 |       0 |
[2025-09-16T19:27:18.899Z] ...e-use-case.ts |       0 |        0 |       0 |       0 | 1-30
[2025-09-16T19:27:18.899Z] ...main/use-cases |       0 |        0 |       0 |       0 |                   
  ...er-profile.ts |       0 |        0 |       0 |       0 |
[2025-09-16T19:27:18.899Z] .../domain/errors |       0 |      100 |     100 |       0 |                   
  ...ady-exists.ts |       0 |      100 |     100 |       0 | 5-10              
 ...main/use-cases |       0 |        0 |       0 |       0 |
[2025-09-16T19:27:18.899Z] register-user.ts |       0 |        0 |       0 |       0 |                   
  ...come-email.ts |       0 |        0 |       0 |       0 |                   
-------------------|---------|----------|---------|---------|-------------------
[2025-09-16T19:27:18.952Z] Done in 0.49s.
[2025-09-16T19:27:18.958Z] ‚úÖ Tests passed
üì¶ Staging changes...
[2025-09-16T19:27:18.977Z] üíæ Creating commit...
[2025-09-16T19:27:19.003Z] [main aba977e] feat(user-registration): add user-already-exists domain error
 21 files changed, 404 insertions(+), 25 deletions(-)
 create mode 100644 coverage/spec-kit-clean-archicteture/src/features/user-registration/domain/errors/index.html
 create mode 100644 coverage/spec-kit-clean-archicteture/src/features/user-registration/domain/errors/user-already-exists.ts.html
 create mode 100644 src/features/user-registration/domain/errors/user-already-exists.ts
[2025-09-16T19:27:19.004Z] ‚úÖ Successfully committed
[2025-09-16T19:27:19.004Z] --- Script finished successfully ---
[2025-09-16T19:27:19.007Z] --- Running validation script for 'create-error-invalid-email' ---
[2025-09-16T19:27:19.011Z] üîç Running lint check...
[2025-09-16T19:27:19.083Z] yarn run v1.22.22
[2025-09-16T19:27:19.092Z] [ERROR] warning ../../package.json: No license field
[2025-09-16T19:27:19.097Z] $ eslint .
[2025-09-16T19:27:19.589Z] /Users/thiagobutignon/dev/spec-kit-clean-archicteture/coverage/block-navigation.js
  1:1  warning  Unused eslint-disable directive (no problems were reported)

‚úñ 1 problem (0 errors, 1 warning)
  0 errors and 1 warning potentially fixable with the `--fix` option.
[2025-09-16T19:27:19.598Z] Done in 0.52s.
[2025-09-16T19:27:19.605Z] ‚úÖ Lint passed
üß™ Running tests with coverage...
[2025-09-16T19:27:19.679Z] yarn run v1.22.22
[2025-09-16T19:27:19.690Z] [ERROR] warning ../../package.json: No license field
[2025-09-16T19:27:19.694Z] $ vitest --passWithNoTests --coverage
[2025-09-16T19:27:20.044Z] 
[2025-09-16T19:27:20.044Z] RUN  v3.2.4 /Users/thiagobutignon/dev/spec-kit-clean-archicteture
[2025-09-16T19:27:20.044Z] Coverage enabled with v8
[2025-09-16T19:27:20.116Z] No test files found, exiting with code 0
[2025-09-16T19:27:20.116Z] [ERROR] include: **/*.{test,spec}.?(c|m)[jt]s?(x)
exclude:  **/node_modules/**, **/dist/**, **/cypress/**, **/.{idea,git,cache,output,temp}/**, **/{karma,rollup,webpack,vite,vitest,jest,ava,babel,nyc,cypress,tsup,build,eslint,prettier}.config.*
[2025-09-16T19:27:20.116Z] [ERROR] 
[2025-09-16T19:27:20.116Z] % Coverage report from v8
[2025-09-16T19:27:20.118Z] -------------------|---------|----------|---------|---------|-------------------
[2025-09-16T19:27:20.118Z] File               | % Stmts | % Branch | % Funcs | % Lines | Uncovered Line #s 
-------------------|---------|----------|---------|---------|-------------------
[2025-09-16T19:27:20.119Z] All files          |       0 |       80 |      80 |       0 |
[2025-09-16T19:27:20.119Z] ...n-archicteture |       0 |    66.66 |   66.66 |       0 |
[2025-09-16T19:27:20.119Z] execute-steps.ts |       0 |      100 |     100 |       0 | 3-265
[2025-09-16T19:27:20.119Z] logger.ts        |       0 |        0 |       0 |       0 | 1-46
[2025-09-16T19:27:20.119Z] ...ementation.ts |       0 |      100 |     100 |       0 | 3-293
[2025-09-16T19:27:20.119Z] .../domain/errors |       0 |      100 |     100 |       0 |                   
  ...-not-found.ts |       0 |      100 |     100 |       0 | 5-10              
 ...le/domain/test |       0 |        0 |       0 |       0 |
[2025-09-16T19:27:20.119Z] ...e-use-case.ts |       0 |        0 |       0 |       0 | 1-30
[2025-09-16T19:27:20.119Z] ...main/use-cases |       0 |        0 |       0 |       0 |                   
  ...er-profile.ts |       0 |        0 |       0 |       0 |                   
 .../domain/errors |       0 |      100 |     100 |       0 |
[2025-09-16T19:27:20.119Z] invalid-email.ts |       0 |      100 |     100 |       0 | 5-10              
  ...ady-exists.ts |       0 |      100 |     100 |       0 | 5-10
[2025-09-16T19:27:20.119Z] ...main/use-cases |       0 |        0 |       0 |       0 |                   
  register-user.ts |       0 |        0 |       0 |       0 |                   
  ...come-email.ts |       0 |        0 |       0 |       0 |                   
-------------------|---------|----------|---------|---------|-------------------
[2025-09-16T19:27:20.173Z] Done in 0.49s.
[2025-09-16T19:27:20.179Z] ‚úÖ Tests passed
üì¶ Staging changes...
[2025-09-16T19:27:20.201Z] üíæ Creating commit...
[2025-09-16T19:27:20.230Z] [main 2b65a23] feat(user-registration): add invalid-email domain error
 22 files changed, 302 insertions(+), 36 deletions(-)
 create mode 100644 coverage/spec-kit-clean-archicteture/src/features/user-registration/domain/errors/invalid-email.ts.html
 create mode 100644 src/features/user-registration/domain/errors/invalid-email.ts
[2025-09-16T19:27:20.231Z] ‚úÖ Successfully committed
[2025-09-16T19:27:20.232Z] --- Script finished successfully ---
[2025-09-16T19:27:20.234Z] --- Running validation script for 'create-error-weak-password' ---
[2025-09-16T19:27:20.239Z] üîç Running lint check...
[2025-09-16T19:27:20.323Z] yarn run v1.22.22
[2025-09-16T19:27:20.335Z] [ERROR] warning ../../package.json: No license field
[2025-09-16T19:27:20.340Z] $ eslint .
[2025-09-16T19:27:20.860Z] /Users/thiagobutignon/dev/spec-kit-clean-archicteture/coverage/block-navigation.js
  1:1  warning  Unused eslint-disable directive (no problems were reported)

‚úñ 1 problem (0 errors, 1 warning)
  0 errors and 1 warning potentially fixable with the `--fix` option.
[2025-09-16T19:27:20.874Z] Done in 0.55s.
[2025-09-16T19:27:20.881Z] ‚úÖ Lint passed
üß™ Running tests with coverage...
[2025-09-16T19:27:20.959Z] yarn run v1.22.22
[2025-09-16T19:27:20.970Z] [ERROR] warning ../../package.json: No license field
[2025-09-16T19:27:20.975Z] $ vitest --passWithNoTests --coverage
[2025-09-16T19:27:21.307Z] 
[2025-09-16T19:27:21.308Z] RUN  v3.2.4 /Users/thiagobutignon/dev/spec-kit-clean-archicteture
[2025-09-16T19:27:21.308Z] Coverage enabled with v8
[2025-09-16T19:27:21.386Z] No test files found, exiting with code 0
[2025-09-16T19:27:21.386Z] [ERROR] include: **/*.{test,spec}.?(c|m)[jt]s?(x)
[2025-09-16T19:27:21.386Z] [ERROR] exclude:  **/node_modules/**, **/dist/**, **/cypress/**, **/.{idea,git,cache,output,temp}/**, **/{karma,rollup,webpack,vite,vitest,jest,ava,babel,nyc,cypress,tsup,build,eslint,prettier}.config.*
[2025-09-16T19:27:21.387Z] % Coverage report from v8
[2025-09-16T19:27:21.388Z] -------------------|---------|----------|---------|---------|-------------------
[2025-09-16T19:27:21.388Z] File               | % Stmts | % Branch | % Funcs | % Lines | Uncovered Line #s 
-------------------|---------|----------|---------|---------|-------------------
[2025-09-16T19:27:21.389Z] All files          |       0 |    81.81 |   81.81 |       0 |
[2025-09-16T19:27:21.389Z] ...n-archicteture |       0 |    66.66 |   66.66 |       0 |
[2025-09-16T19:27:21.389Z] execute-steps.ts |       0 |      100 |     100 |       0 | 3-265
[2025-09-16T19:27:21.389Z] logger.ts        |       0 |        0 |       0 |       0 | 1-46
[2025-09-16T19:27:21.389Z] ...ementation.ts |       0 |      100 |     100 |       0 | 3-293
[2025-09-16T19:27:21.389Z] .../domain/errors |       0 |      100 |     100 |       0 |
[2025-09-16T19:27:21.389Z] ...-not-found.ts |       0 |      100 |     100 |       0 | 5-10              
 ...le/domain/test |       0 |        0 |       0 |       0 |
[2025-09-16T19:27:21.389Z] ...e-use-case.ts |       0 |        0 |       0 |       0 | 1-30
[2025-09-16T19:27:21.389Z] ...main/use-cases |       0 |        0 |       0 |       0 |                   
  ...er-profile.ts |       0 |        0 |       0 |       0 |
[2025-09-16T19:27:21.389Z] .../domain/errors |       0 |      100 |     100 |       0 |
[2025-09-16T19:27:21.389Z] invalid-email.ts |       0 |      100 |     100 |       0 | 5-10              
  ...ady-exists.ts |       0 |      100 |     100 |       0 | 5-10              
  weak-password.ts |       0 |      100 |     100 |       0 | 5-10              
 ...main/use-cases |       0 |        0 |       0 |       0 |                   
  register-user.ts |       0 |        0 |       0 |       0 |                   
  ...come-email.ts |       0 |        0 |       0 |       0 |                   
-------------------|---------|----------|---------|---------|-------------------
[2025-09-16T19:27:21.444Z] Done in 0.49s.
[2025-09-16T19:27:21.450Z] ‚úÖ Tests passed
üì¶ Staging changes...
[2025-09-16T19:27:21.470Z] üíæ Creating commit...
[2025-09-16T19:27:21.496Z] [main e947c57] feat(user-registration): add weak-password domain error
 23 files changed, 302 insertions(+), 37 deletions(-)
 create mode 100644 coverage/spec-kit-clean-archicteture/src/features/user-registration/domain/errors/weak-password.ts.html
 create mode 100644 src/features/user-registration/domain/errors/weak-password.ts
[2025-09-16T19:27:21.496Z] ‚úÖ Successfully committed
[2025-09-16T19:27:21.497Z] --- Script finished successfully ---
[2025-09-16T19:27:21.500Z] --- Running validation script for 'create-error-email-send-failed' ---
[2025-09-16T19:27:21.504Z] üîç Running lint check...
[2025-09-16T19:27:21.579Z] yarn run v1.22.22
[2025-09-16T19:27:21.589Z] [ERROR] warning ../../package.json: No license field
[2025-09-16T19:27:21.593Z] $ eslint .
[2025-09-16T19:27:22.083Z] /Users/thiagobutignon/dev/spec-kit-clean-archicteture/coverage/block-navigation.js
  1:1  warning  Unused eslint-disable directive (no problems were reported)

‚úñ 1 problem (0 errors, 1 warning)
  0 errors and 1 warning potentially fixable with the `--fix` option.
[2025-09-16T19:27:22.092Z] Done in 0.52s.
[2025-09-16T19:27:22.098Z] ‚úÖ Lint passed
üß™ Running tests with coverage...
[2025-09-16T19:27:22.172Z] yarn run v1.22.22
[2025-09-16T19:27:22.182Z] [ERROR] warning ../../package.json: No license field
[2025-09-16T19:27:22.187Z] $ vitest --passWithNoTests --coverage
[2025-09-16T19:27:22.527Z] 
[2025-09-16T19:27:22.527Z] RUN  v3.2.4 /Users/thiagobutignon/dev/spec-kit-clean-archicteture
[2025-09-16T19:27:22.527Z] Coverage enabled with v8
[2025-09-16T19:27:22.607Z] No test files found, exiting with code 0
[2025-09-16T19:27:22.607Z] [ERROR] include: **/*.{test,spec}.?(c|m)[jt]s?(x)
exclude:  **/node_modules/**, **/dist/**, **/cypress/**, **/.{idea,git,cache,output,temp}/**, **/{karma,rollup,webpack,vite,vitest,jest,ava,babel,nyc,cypress,tsup,build,eslint,prettier}.config.*
[2025-09-16T19:27:22.607Z] % Coverage report from v8
[2025-09-16T19:27:22.609Z] -------------------|---------|----------|---------|---------|-------------------
[2025-09-16T19:27:22.609Z] File               | % Stmts | % Branch | % Funcs | % Lines | Uncovered Line #s 
-------------------|---------|----------|---------|---------|-------------------
[2025-09-16T19:27:22.609Z] All files          |       0 |    83.33 |   83.33 |       0 |
[2025-09-16T19:27:22.609Z] ...n-archicteture |       0 |    66.66 |   66.66 |       0 |
[2025-09-16T19:27:22.609Z] execute-steps.ts |       0 |      100 |     100 |       0 | 3-265
[2025-09-16T19:27:22.609Z] logger.ts        |       0 |        0 |       0 |       0 | 1-46
[2025-09-16T19:27:22.609Z] ...ementation.ts |       0 |      100 |     100 |       0 | 3-293
[2025-09-16T19:27:22.609Z] .../domain/errors |       0 |      100 |     100 |       0 |                   
  ...-not-found.ts |       0 |      100 |     100 |       0 | 5-10              
 ...le/domain/test |       0 |        0 |       0 |       0 |
[2025-09-16T19:27:22.609Z] ...e-use-case.ts |       0 |        0 |       0 |       0 | 1-30
[2025-09-16T19:27:22.609Z] ...main/use-cases |       0 |        0 |       0 |       0 |
[2025-09-16T19:27:22.609Z] ...er-profile.ts |       0 |        0 |       0 |       0 |                   
 .../domain/errors |       0 |      100 |     100 |       0 |
[2025-09-16T19:27:22.609Z] ...end-failed.ts |       0 |      100 |     100 |       0 | 5-10              
  invalid-email.ts |       0 |      100 |     100 |       0 | 5-10              
  ...ady-exists.ts |       0 |      100 |     100 |       0 | 5-10
[2025-09-16T19:27:22.609Z] weak-password.ts |       0 |      100 |     100 |       0 | 5-10              
 ...main/use-cases |       0 |        0 |       0 |       0 |                   
  register-user.ts |       0 |        0 |       0 |       0 |
[2025-09-16T19:27:22.609Z] ...come-email.ts |       0 |        0 |       0 |       0 |
[2025-09-16T19:27:22.609Z] -------------------|---------|----------|---------|---------|-------------------
[2025-09-16T19:27:22.664Z] Done in 0.49s.
[2025-09-16T19:27:22.671Z] ‚úÖ Tests passed
üì¶ Staging changes...
[2025-09-16T19:27:22.692Z] üíæ Creating commit...
[2025-09-16T19:27:22.720Z] [main a3e1e8c] feat(user-registration): add email-send-failed domain error
 24 files changed, 305 insertions(+), 38 deletions(-)
 create mode 100644 coverage/spec-kit-clean-archicteture/src/features/user-registration/domain/errors/email-send-failed.ts.html
 create mode 100644 src/features/user-registration/domain/errors/email-send-failed.ts
[2025-09-16T19:27:22.720Z] ‚úÖ Successfully committed
[2025-09-16T19:27:22.721Z] --- Script finished successfully ---
[2025-09-16T19:27:22.724Z] --- Running validation script for 'create-test-helper-register-user' ---
[2025-09-16T19:27:22.729Z] üîç Running lint check...
[2025-09-16T19:27:22.813Z] yarn run v1.22.22
[2025-09-16T19:27:22.824Z] [ERROR] warning ../../package.json: No license field
[2025-09-16T19:27:22.829Z] $ eslint .
[2025-09-16T19:27:23.348Z] /Users/thiagobutignon/dev/spec-kit-clean-archicteture/coverage/block-navigation.js
  1:1  warning  Unused eslint-disable directive (no problems were reported)

‚úñ 1 problem (0 errors, 1 warning)
  0 errors and 1 warning potentially fixable with the `--fix` option.
[2025-09-16T19:27:23.359Z] Done in 0.55s.
[2025-09-16T19:27:23.365Z] ‚úÖ Lint passed
üß™ Running tests with coverage...
[2025-09-16T19:27:23.444Z] yarn run v1.22.22
[2025-09-16T19:27:23.455Z] [ERROR] warning ../../package.json: No license field
[2025-09-16T19:27:23.460Z] $ vitest --passWithNoTests --coverage
[2025-09-16T19:27:23.791Z] 
[2025-09-16T19:27:23.791Z] RUN  v3.2.4 /Users/thiagobutignon/dev/spec-kit-clean-archicteture
[2025-09-16T19:27:23.791Z] Coverage enabled with v8
[2025-09-16T19:27:23.791Z] 
[2025-09-16T19:27:23.869Z] No test files found, exiting with code 0
[2025-09-16T19:27:23.869Z] [ERROR] include: **/*.{test,spec}.?(c|m)[jt]s?(x)
exclude:  **/node_modules/**, **/dist/**, **/cypress/**, **/.{idea,git,cache,output,temp}/**, **/{karma,rollup,webpack,vite,vitest,jest,ava,babel,nyc,cypress,tsup,build,eslint,prettier}.config.*
[2025-09-16T19:27:23.869Z] [ERROR] 
[2025-09-16T19:27:23.870Z] % Coverage report from v8
[2025-09-16T19:27:23.872Z] -------------------|---------|----------|---------|---------|-------------------
[2025-09-16T19:27:23.872Z] File               | % Stmts | % Branch | % Funcs | % Lines | Uncovered Line #s
[2025-09-16T19:27:23.872Z] -------------------|---------|----------|---------|---------|-------------------
[2025-09-16T19:27:23.873Z] All files          |       0 |    76.92 |   76.92 |       0 |
[2025-09-16T19:27:23.873Z] ...n-archicteture |       0 |    66.66 |   66.66 |       0 |
[2025-09-16T19:27:23.873Z] execute-steps.ts |       0 |      100 |     100 |       0 | 3-265
[2025-09-16T19:27:23.873Z] logger.ts        |       0 |        0 |       0 |       0 | 1-46
[2025-09-16T19:27:23.873Z] ...ementation.ts |       0 |      100 |     100 |       0 | 3-293
[2025-09-16T19:27:23.873Z] .../domain/errors |       0 |      100 |     100 |       0 |                   
  ...-not-found.ts |       0 |      100 |     100 |       0 | 5-10              
 ...le/domain/test |       0 |        0 |       0 |       0 |
[2025-09-16T19:27:23.873Z] ...e-use-case.ts |       0 |        0 |       0 |       0 | 1-30
[2025-09-16T19:27:23.873Z] ...main/use-cases |       0 |        0 |       0 |       0 |
[2025-09-16T19:27:23.873Z] ...er-profile.ts |       0 |        0 |       0 |       0 |                   
 .../domain/errors |       0 |      100 |     100 |       0 |
[2025-09-16T19:27:23.873Z] ...end-failed.ts |       0 |      100 |     100 |       0 | 5-10
[2025-09-16T19:27:23.873Z] invalid-email.ts |       0 |      100 |     100 |       0 | 5-10              
  ...ady-exists.ts |       0 |      100 |     100 |       0 | 5-10
[2025-09-16T19:27:23.873Z] weak-password.ts |       0 |      100 |     100 |       0 | 5-10              
 ...on/domain/test |       0 |        0 |       0 |       0 |
[2025-09-16T19:27:23.873Z] ...r-use-case.ts |       0 |        0 |       0 |       0 | 1-33              
 ...main/use-cases |       0 |        0 |       0 |       0 |
[2025-09-16T19:27:23.874Z] register-user.ts |       0 |        0 |       0 |       0 |                   
  ...come-email.ts |       0 |        0 |       0 |       0 |
[2025-09-16T19:27:23.874Z] -------------------|---------|----------|---------|---------|-------------------
[2025-09-16T19:27:23.926Z] Done in 0.48s.
[2025-09-16T19:27:23.931Z] ‚úÖ Tests passed
üì¶ Staging changes...
