[2025-09-16T12:12:44.816Z] --- Running validation script for 'refactor-get-user-profile-output' ---
[2025-09-16T12:12:44.823Z] üîç Running lint check...
[2025-09-16T12:12:44.902Z] yarn run v1.22.22
[2025-09-16T12:12:44.915Z] [ERROR] warning ../../package.json: No license field
[2025-09-16T12:12:44.919Z] $ eslint .
[2025-09-16T12:12:45.733Z] /Users/thiagobutignon/dev/spec-kit-clean-archicteture/coverage/block-navigation.js
  1:1  warning  Unused eslint-disable directive (no problems were reported)

‚úñ 1 problem (0 errors, 1 warning)
  0 errors and 1 warning potentially fixable with the `--fix` option.
[2025-09-16T12:12:45.744Z] Done in 0.84s.
[2025-09-16T12:12:45.751Z] ‚úÖ Lint passed
üß™ Running tests with coverage...
[2025-09-16T12:12:45.824Z] yarn run v1.22.22
[2025-09-16T12:12:45.833Z] [ERROR] warning ../../package.json: No license field
[2025-09-16T12:12:45.838Z] $ vitest --passWithNoTests --coverage
[2025-09-16T12:12:46.219Z] 
[2025-09-16T12:12:46.219Z] RUN  v3.2.4 /Users/thiagobutignon/dev/spec-kit-clean-archicteture
      Coverage enabled with v8
[2025-09-16T12:12:46.280Z] No test files found, exiting with code 0
[2025-09-16T12:12:46.280Z] [ERROR] include: **/*.{test,spec}.?(c|m)[jt]s?(x)
exclude:  **/node_modules/**, **/dist/**, **/cypress/**, **/.{idea,git,cache,output,temp}/**, **/{karma,rollup,webpack,vite,vitest,jest,ava,babel,nyc,cypress,tsup,build,eslint,prettier}.config.*
[2025-09-16T12:12:46.280Z] [ERROR] 
[2025-09-16T12:12:46.280Z] % Coverage report from v8
[2025-09-16T12:12:46.282Z] -------------------|---------|----------|---------|---------|-------------------
[2025-09-16T12:12:46.282Z] File               | % Stmts | % Branch | % Funcs | % Lines | Uncovered Line #s 
-------------------|---------|----------|---------|---------|-------------------
[2025-09-16T12:12:46.283Z] All files          |       0 |    66.66 |   66.66 |       0 |
[2025-09-16T12:12:46.283Z] ...n-archicteture |       0 |    66.66 |   66.66 |       0 |
[2025-09-16T12:12:46.283Z] execute-steps.ts |       0 |      100 |     100 |       0 | 3-265
[2025-09-16T12:12:46.283Z] logger.ts        |       0 |        0 |       0 |       0 | 1-46
[2025-09-16T12:12:46.283Z] ...ementation.ts |       0 |      100 |     100 |       0 | 3-293             
 .../domain/errors |       0 |      100 |     100 |       0 |                   
  ...-not-found.ts |       0 |      100 |     100 |       0 | 5-10              
 ...le/domain/test |       0 |        0 |       0 |       0 |                   
  ...e-use-case.ts |       0 |        0 |       0 |       0 | 1-29
[2025-09-16T12:12:46.283Z] ...main/use-cases |       0 |        0 |       0 |       0 |                   
  ...er-profile.ts |       0 |        0 |       0 |       0 |
[2025-09-16T12:12:46.283Z] -------------------|---------|----------|---------|---------|-------------------
[2025-09-16T12:12:46.337Z] Done in 0.52s.
[2025-09-16T12:12:46.342Z] ‚úÖ Tests passed
üì¶ Staging changes...
